Script started on Thu 20 Nov 2014 08:22:25 AM PST
[phuc@localhost asyn_elephant]$ make
gcc -g -Wall -Werror -o matrix_gen matrix_gen.c
gcc -g -Wall -Werror -o matrix_add matrix_add.c -lrt
[phuc@localhost asyn_elephant]$ matrix_gen 100 > log.100
[phuc@localhost asyn_elephant]$ matrix_add 100 9 < log.100 > log1.100
invalid size & blocks values 100/9
[phuc@localhost asyn_elephant]$ matrix_add 100 10 < log.100 > log1.100
READ REQ 0
READ RETURN 0
READ REQ 1
CALCULATING 0
WRITE REQ 0
WRITE RETURN 0
READ RETURN 1
READ REQ 2
CALCULATING 1
WRITE REQ 1
WRITE RETURN 1
READ RETURN 2
READ REQ 3
CALCULATING 2
WRITE REQ 2
WRITE RETURN 2
READ RETURN 3
READ REQ 4
CALCULATING 3
WRITE REQ 3
WRITE RETURN 3
READ RETURN 4
READ REQ 5
CALCULATING 4
WRITE REQ 4
WRITE RETURN 4
READ RETURN 5
READ REQ 6
CALCULATING 5
WRITE REQ 5
WRITE RETURN 5
READ RETURN 6
READ REQ 7
CALCULATING 6
WRITE REQ 6
WRITE RETURN 6
READ RETURN 7
READ REQ 8
CALCULATING 7
WRITE REQ 7
WRITE RETURN 7
READ RETURN 8
READ REQ 9
CALCULATING 8
WRITE REQ 8
WRITE RETURN 8
READ RETURN 9
READ REQ 10
CALCULATING 9
WRITE REQ 9
WRITE RETURN 9
READ RETURN 10
READ REQ 11
CALCULATING 10
WRITE REQ 10
WRITE RETURN 10
READ RETURN 11
READ REQ 12
CALCULATING 11
WRITE REQ 11
WRITE RETURN 11
READ RETURN 12
READ REQ 13
CALCULATING 12
WRITE REQ 12
WRITE RETURN 12
READ RETURN 13
READ REQ 14
CALCULATING 13
WRITE REQ 13
WRITE RETURN 13
READ RETURN 14
READ REQ 15
CALCULATING 14
WRITE REQ 14
WRITE RETURN 14
READ RETURN 15
READ REQ 16
CALCULATING 15
WRITE REQ 15
WRITE RETURN 15
READ RETURN 16
READ REQ 17
CALCULATING 16
WRITE REQ 16
WRITE RETURN 16
READ RETURN 17
READ REQ 18
CALCULATING 17
WRITE REQ 17
WRITE RETURN 17
READ RETURN 18
READ REQ 19
CALCULATING 18
WRITE REQ 18
WRITE RETURN 18
READ RETURN 19
READ REQ 20
CALCULATING 19
WRITE REQ 19
WRITE RETURN 19
READ RETURN 20
READ REQ 21
CALCULATING 20
WRITE REQ 20
WRITE RETURN 20
READ RETURN 21
READ REQ 22
CALCULATING 21
WRITE REQ 21
WRITE RETURN 21
READ RETURN 22
READ REQ 23
CALCULATING 22
WRITE REQ 22
WRITE RETURN 22
READ RETURN 23
READ REQ 24
CALCULATING 23
WRITE REQ 23
WRITE RETURN 23
READ RETURN 24
READ REQ 25
CALCULATING 24
WRITE REQ 24
WRITE RETURN 24
READ RETURN 25
READ REQ 26
CALCULATING 25
WRITE REQ 25
WRITE RETURN 25
READ RETURN 26
READ REQ 27
CALCULATING 26
WRITE REQ 26
WRITE RETURN 26
READ RETURN 27
READ REQ 28
CALCULATING 27
WRITE REQ 27
WRITE RETURN 27
READ RETURN 28
READ REQ 29
CALCULATING 28
WRITE REQ 28
WRITE RETURN 28
READ RETURN 29
READ REQ 30
CALCULATING 29
WRITE REQ 29
WRITE RETURN 29
READ RETURN 30
READ REQ 31
CALCULATING 30
WRITE REQ 30
WRITE RETURN 30
READ RETURN 31
READ REQ 32
CALCULATING 31
WRITE REQ 31
WRITE RETURN 31
READ RETURN 32
READ REQ 33
CALCULATING 32
WRITE REQ 32
WRITE RETURN 32
READ RETURN 33
READ REQ 34
CALCULATING 33
WRITE REQ 33
WRITE RETURN 33
READ RETURN 34
READ REQ 35
CALCULATING 34
WRITE REQ 34
WRITE RETURN 34
READ RETURN 35
READ REQ 36
CALCULATING 35
WRITE REQ 35
WRITE RETURN 35
READ RETURN 36
READ REQ 37
CALCULATING 36
WRITE REQ 36
WRITE RETURN 36
READ RETURN 37
READ REQ 38
CALCULATING 37
WRITE REQ 37
WRITE RETURN 37
READ RETURN 38
READ REQ 39
CALCULATING 38
WRITE REQ 38
WRITE RETURN 38
READ RETURN 39
READ REQ 40
CALCULATING 39
WRITE REQ 39
WRITE RETURN 39
READ RETURN 40
READ REQ 41
CALCULATING 40
WRITE REQ 40
WRITE RETURN 40
READ RETURN 41
READ REQ 42
CALCULATING 41
WRITE REQ 41
WRITE RETURN 41
READ RETURN 42
READ REQ 43
CALCULATING 42
WRITE REQ 42
WRITE RETURN 42
READ RETURN 43
READ REQ 44
CALCULATING 43
WRITE REQ 43
WRITE RETURN 43
READ RETURN 44
READ REQ 45
CALCULATING 44
WRITE REQ 44
WRITE RETURN 44
READ RETURN 45
READ REQ 46
CALCULATING 45
WRITE REQ 45
WRITE RETURN 45
READ RETURN 46
READ REQ 47
CALCULATING 46
WRITE REQ 46
WRITE RETURN 46
READ RETURN 47
READ REQ 48
CALCULATING 47
WRITE REQ 47
WRITE RETURN 47
READ RETURN 48
READ REQ 49
CALCULATING 48
WRITE REQ 48
WRITE RETURN 48
READ RETURN 49
READ REQ 50
CALCULATING 49
WRITE REQ 49
WRITE RETURN 49
READ RETURN 50
READ REQ 51
CALCULATING 50
WRITE REQ 50
WRITE RETURN 50
READ RETURN 51
READ REQ 52
CALCULATING 51
WRITE REQ 51
WRITE RETURN 51
READ RETURN 52
READ REQ 53
CALCULATING 52
WRITE REQ 52
WRITE RETURN 52
READ RETURN 53
READ REQ 54
CALCULATING 53
WRITE REQ 53
WRITE RETURN 53
READ RETURN 54
READ REQ 55
CALCULATING 54
WRITE REQ 54
WRITE RETURN 54
READ RETURN 55
READ REQ 56
CALCULATING 55
WRITE REQ 55
WRITE RETURN 55
READ RETURN 56
READ REQ 57
CALCULATING 56
WRITE REQ 56
WRITE RETURN 56
READ RETURN 57
READ REQ 58
CALCULATING 57
WRITE REQ 57
WRITE RETURN 57
READ RETURN 58
READ REQ 59
CALCULATING 58
WRITE REQ 58
WRITE RETURN 58
READ RETURN 59
READ REQ 60
CALCULATING 59
WRITE REQ 59
WRITE RETURN 59
READ RETURN 60
READ REQ 61
CALCULATING 60
WRITE REQ 60
WRITE RETURN 60
READ RETURN 61
READ REQ 62
CALCULATING 61
WRITE REQ 61
WRITE RETURN 61
READ RETURN 62
READ REQ 63
CALCULATING 62
WRITE REQ 62
WRITE RETURN 62
READ RETURN 63
READ REQ 64
CALCULATING 63
WRITE REQ 63
WRITE RETURN 63
READ RETURN 64
READ REQ 65
CALCULATING 64
WRITE REQ 64
WRITE RETURN 64
READ RETURN 65
READ REQ 66
CALCULATING 65
WRITE REQ 65
WRITE RETURN 65
READ RETURN 66
READ REQ 67
CALCULATING 66
WRITE REQ 66
WRITE RETURN 66
READ RETURN 67
READ REQ 68
CALCULATING 67
WRITE REQ 67
WRITE RETURN 67
READ RETURN 68
READ REQ 69
CALCULATING 68
WRITE REQ 68
WRITE RETURN 68
READ RETURN 69
READ REQ 70
CALCULATING 69
WRITE REQ 69
WRITE RETURN 69
READ RETURN 70
READ REQ 71
CALCULATING 70
WRITE REQ 70
WRITE RETURN 70
READ RETURN 71
READ REQ 72
CALCULATING 71
WRITE REQ 71
WRITE RETURN 71
READ RETURN 72
READ REQ 73
CALCULATING 72
WRITE REQ 72
WRITE RETURN 72
READ RETURN 73
READ REQ 74
CALCULATING 73
WRITE REQ 73
WRITE RETURN 73
READ RETURN 74
READ REQ 75
CALCULATING 74
WRITE REQ 74
WRITE RETURN 74
READ RETURN 75
READ REQ 76
CALCULATING 75
WRITE REQ 75
WRITE RETURN 75
READ RETURN 76
READ REQ 77
CALCULATING 76
WRITE REQ 76
WRITE RETURN 76
READ RETURN 77
READ REQ 78
CALCULATING 77
WRITE REQ 77
WRITE RETURN 77
READ RETURN 78
READ REQ 79
CALCULATING 78
WRITE REQ 78
WRITE RETURN 78
READ RETURN 79
READ REQ 80
CALCULATING 79
WRITE REQ 79
WRITE RETURN 79
READ RETURN 80
READ REQ 81
CALCULATING 80
WRITE REQ 80
WRITE RETURN 80
READ RETURN 81
READ REQ 82
CALCULATING 81
WRITE REQ 81
WRITE RETURN 81
READ RETURN 82
READ REQ 83
CALCULATING 82
WRITE REQ 82
WRITE RETURN 82
READ RETURN 83
READ REQ 84
CALCULATING 83
WRITE REQ 83
WRITE RETURN 83
READ RETURN 84
READ REQ 85
CALCULATING 84
WRITE REQ 84
WRITE RETURN 84
READ RETURN 85
READ REQ 86
CALCULATING 85
WRITE REQ 85
WRITE RETURN 85
READ RETURN 86
READ REQ 87
CALCULATING 86
WRITE REQ 86
WRITE RETURN 86
READ RETURN 87
READ REQ 88
CALCULATING 87
WRITE REQ 87
WRITE RETURN 87
READ RETURN 88
READ REQ 89
CALCULATING 88
WRITE REQ 88
WRITE RETURN 88
READ RETURN 89
READ REQ 90
CALCULATING 89
WRITE REQ 89
WRITE RETURN 89
READ RETURN 90
READ REQ 91
CALCULATING 90
WRITE REQ 90
WRITE RETURN 90
READ RETURN 91
READ REQ 92
CALCULATING 91
WRITE REQ 91
WRITE RETURN 91
READ RETURN 92
READ REQ 93
CALCULATING 92
WRITE REQ 92
WRITE RETURN 92
READ RETURN 93
READ REQ 94
CALCULATING 93
WRITE REQ 93
WRITE RETURN 93
READ RETURN 94
READ REQ 95
CALCULATING 94
WRITE REQ 94
WRITE RETURN 94
READ RETURN 95
READ REQ 96
CALCULATING 95
WRITE REQ 95
WRITE RETURN 95
READ RETURN 96
READ REQ 97
CALCULATING 96
WRITE REQ 96
WRITE RETURN 96
READ RETURN 97
READ REQ 98
CALCULATING 97
WRITE REQ 97
WRITE RETURN 97
READ RETURN 98
READ REQ 99
CALCULATING 98
WRITE REQ 98
WRITE RETURN 98
READ RETURN 99
CALCULATING 99
WRITE REQ 99
WRITE RETURN 99
12.371 miliseconds
[phuc@localhost asyn_elephant]$ ls -alt log*
-rw-rw-r--. 1 phuc phuc 40000 Nov 20 08:23 log1.100
-rw-rw-r--. 1 phuc phuc 40000 Nov 20 08:22 log.100
[phuc@localhost asyn_elephant]$ exit

Script done on Thu 20 Nov 2014 08:23:20 AM PST
